<?xml version="1.0" encoding="UTF-8"?>
<!-- Generated by org.testng.reporters.JUnitXMLReporter -->
<testsuite ignored="0" hostname="THINK" failures="0" tests="4" name="ChromeTest" time="221.635" errors="0" timestamp="2022-03-10T23:36:31 IST">
  <testcase classname="test123.VerifyYourOrders" name="test" time="59.541"/>
  <testcase classname="test123.VerifyAddToCart" name="test" time="93.695"/>
  <testcase classname="test123.VerifyAllHeaders" name="test" time="128.162"/>
  <testcase classname="test123.VerfyAccountsAndList" name="test" time="132.496"/>
</testsuite> <!-- ChromeTest -->
