<?xml version="1.0" encoding="UTF-8"?>
<!-- Generated by org.testng.reporters.JUnitXMLReporter -->
<testsuite ignored="0" hostname="THINK" failures="0" tests="4" name="EdgeTest" time="342.359" errors="0" timestamp="2022-03-10T23:42:13 IST">
  <testcase classname="test123.VerifyYourOrders" name="test" time="143.835"/>
  <testcase classname="test123.VerfyAccountsAndList" name="test" time="151.261"/>
  <testcase classname="test123.VerifyAddToCart" name="test" time="174.82"/>
  <testcase classname="test123.VerifyAllHeaders" name="test" time="205.696"/>
</testsuite> <!-- EdgeTest -->
